<?xml version="1.0" encoding="UTF-8"?>
<robot generator="Robot 3.2.1 (Python 3.8.3 on win32)" generated="20200706 17:40:57.242" rpa="false">
<suite id="s1" name="Buttons" source="C:\Users\gabri\Documents\Projetos Pessoais\qaninja\twp\tests\buttons.robot">
<test id="s1-t1" name="Deve realizar um clique simples">
<kw name="Open Session" library="base" type="setup">
<kw name="Set Appium Timeout" library="AppiumLibrary">
<doc>Sets the timeout in seconds used by various keywords.</doc>
<arguments>
<arg>5</arg>
</arguments>
<status status="PASS" starttime="20200706 17:40:57.679" endtime="20200706 17:40:57.679"></status>
</kw>
<kw name="Open Application" library="AppiumLibrary">
<doc>Opens a new application to given Appium server.
Capabilities of appium server, Android and iOS,
Please check https://github.com/appium/appium/blob/master/docs/en/writing-running-appium/server-args.md
| *Option*            | *Man.* | *Description*     |
| remote_url          | Yes    | Appium server url |
| alias               | no     | alias             |</doc>
<arguments>
<arg>http://localhost:4723/wd/hub</arg>
<arg>automationName=uiAutomator2</arg>
<arg>platformName=Android</arg>
<arg>deviceName=Android Emulator</arg>
<arg>app=${EXECDIR}/app/twp.apk</arg>
</arguments>
<status status="PASS" starttime="20200706 17:40:57.679" endtime="20200706 17:41:18.805"></status>
</kw>
<kw name="Click Comecar" library="helpers">
<kw name="Wait Until Page Contains" library="AppiumLibrary">
<doc>Waits until `text` appears on current page.</doc>
<arguments>
<arg>${BTN_COMECAR}</arg>
</arguments>
<status status="PASS" starttime="20200706 17:41:18.806" endtime="20200706 17:41:23.192"></status>
</kw>
<kw name="Click Text" library="AppiumLibrary">
<doc>Click text identified by ``text``.</doc>
<arguments>
<arg>${BTN_COMECAR}</arg>
</arguments>
<status status="PASS" starttime="20200706 17:41:23.192" endtime="20200706 17:41:23.655"></status>
</kw>
<status status="PASS" starttime="20200706 17:41:18.805" endtime="20200706 17:41:23.655"></status>
</kw>
<status status="PASS" starttime="20200706 17:40:57.678" endtime="20200706 17:41:23.655"></status>
</kw>
<kw name="Go to Short Click" library="helpers">
<kw name="Open Nav" library="helpers">
<kw name="Wait Until Element Is Visible" library="AppiumLibrary">
<doc>Waits until element specified with `locator` is visible.</doc>
<arguments>
<arg>${OPEN_MENU}</arg>
</arguments>
<status status="PASS" starttime="20200706 17:41:23.659" endtime="20200706 17:41:25.392"></status>
</kw>
<kw name="Click Element" library="AppiumLibrary">
<doc>Click element identified by `locator`.</doc>
<arguments>
<arg>${OPEN_MENU}</arg>
</arguments>
<msg timestamp="20200706 17:41:25.395" level="INFO">Clicking element 'xpath=//android.widget.ImageButton[@content-desc="Open navigation drawer"]'.</msg>
<status status="PASS" starttime="20200706 17:41:25.392" endtime="20200706 17:41:25.716"></status>
</kw>
<kw name="Wait Until Element Is Visible" library="AppiumLibrary">
<doc>Waits until element specified with `locator` is visible.</doc>
<arguments>
<arg>${NAV_VIEW}</arg>
</arguments>
<status status="PASS" starttime="20200706 17:41:25.717" endtime="20200706 17:41:26.910"></status>
</kw>
<status status="PASS" starttime="20200706 17:41:23.658" endtime="20200706 17:41:26.911"></status>
</kw>
<kw name="Click Text" library="AppiumLibrary">
<doc>Click text identified by ``text``.</doc>
<arguments>
<arg>BOTÕES</arg>
</arguments>
<status status="PASS" starttime="20200706 17:41:26.911" endtime="20200706 17:41:27.977"></status>
</kw>
<kw name="Wait Until Page Contains" library="AppiumLibrary">
<doc>Waits until `text` appears on current page.</doc>
<arguments>
<arg>CLIQUE SIMPLES</arg>
</arguments>
<status status="PASS" starttime="20200706 17:41:27.978" endtime="20200706 17:41:28.782"></status>
</kw>
<kw name="Click Text" library="AppiumLibrary">
<doc>Click text identified by ``text``.</doc>
<arguments>
<arg>CLIQUE SIMPLES</arg>
</arguments>
<status status="PASS" starttime="20200706 17:41:28.783" endtime="20200706 17:41:29.425"></status>
</kw>
<kw name="Wait Until Page Contains" library="AppiumLibrary">
<doc>Waits until `text` appears on current page.</doc>
<arguments>
<arg>Botão clique simples</arg>
</arguments>
<status status="PASS" starttime="20200706 17:41:29.426" endtime="20200706 17:41:30.599"></status>
</kw>
<status status="PASS" starttime="20200706 17:41:23.657" endtime="20200706 17:41:30.599"></status>
</kw>
<kw name="Click Element" library="AppiumLibrary">
<doc>Click element identified by `locator`.</doc>
<arguments>
<arg>id=io.qaninja.android.twp:id/short_click</arg>
</arguments>
<msg timestamp="20200706 17:41:30.604" level="INFO">Clicking element 'id=io.qaninja.android.twp:id/short_click'.</msg>
<status status="PASS" starttime="20200706 17:41:30.601" endtime="20200706 17:41:30.703"></status>
</kw>
<kw name="Wait Until Page Contains" library="AppiumLibrary">
<doc>Waits until `text` appears on current page.</doc>
<arguments>
<arg>Isso é um clique simples</arg>
</arguments>
<status status="PASS" starttime="20200706 17:41:30.704" endtime="20200706 17:41:30.999"></status>
</kw>
<kw name="Close Session" library="base" type="teardown">
<kw name="Close Application" library="AppiumLibrary">
<doc>Closes the current application and also close webdriver session.</doc>
<status status="PASS" starttime="20200706 17:41:31.001" endtime="20200706 17:41:32.036"></status>
</kw>
<status status="PASS" starttime="20200706 17:41:31.000" endtime="20200706 17:41:32.036"></status>
</kw>
<status status="PASS" starttime="20200706 17:40:57.677" endtime="20200706 17:41:32.037" critical="yes"></status>
</test>
<status status="PASS" starttime="20200706 17:40:57.246" endtime="20200706 17:41:32.039"></status>
</suite>
<statistics>
<total>
<stat pass="1" fail="0">Critical Tests</stat>
<stat pass="1" fail="0">All Tests</stat>
</total>
<tag>
</tag>
<suite>
<stat pass="1" fail="0" id="s1" name="Buttons">Buttons</stat>
</suite>
</statistics>
<errors>
</errors>
</robot>
