<?xml version="1.0" encoding="UTF-8"?>
<robot generator="Robot 3.2.1 (Python 3.8.3 on win32)" generated="20200707 10:19:43.257" rpa="false">
<suite id="s1" name="Tests" source="C:\Users\gabri\Documents\Projetos Pessoais\qaninja\twp\tests">
<suite id="s1-s1" name="Buttons" source="C:\Users\gabri\Documents\Projetos Pessoais\qaninja\twp\tests\buttons.robot">
<test id="s1-s1-t1" name="Deve realizar um clique longo">
<kw name="Open Session" library="base" type="setup">
<kw name="Set Appium Timeout" library="AppiumLibrary">
<doc>Sets the timeout in seconds used by various keywords.</doc>
<arguments>
<arg>5</arg>
</arguments>
<status status="PASS" starttime="20200707 10:19:43.615" endtime="20200707 10:19:43.616"></status>
</kw>
<kw name="Open Application" library="AppiumLibrary">
<doc>Opens a new application to given Appium server.
Capabilities of appium server, Android and iOS,
Please check https://github.com/appium/appium/blob/master/docs/en/writing-running-appium/server-args.md
| *Option*            | *Man.* | *Description*     |
| remote_url          | Yes    | Appium server url |
| alias               | no     | alias             |</doc>
<arguments>
<arg>http://localhost:4723/wd/hub</arg>
<arg>automationName=uiAutomator2</arg>
<arg>platformName=Android</arg>
<arg>deviceName=Android Emulator</arg>
<arg>app=${EXECDIR}/app/twp.apk</arg>
</arguments>
<status status="PASS" starttime="20200707 10:19:43.616" endtime="20200707 10:20:03.754"></status>
</kw>
<kw name="Click Comecar" library="helpers">
<kw name="Wait Until Page Contains" library="AppiumLibrary">
<doc>Waits until `text` appears on current page.</doc>
<arguments>
<arg>${BTN_COMECAR}</arg>
</arguments>
<status status="PASS" starttime="20200707 10:20:03.754" endtime="20200707 10:20:08.161"></status>
</kw>
<kw name="Click Text" library="AppiumLibrary">
<doc>Click text identified by ``text``.</doc>
<arguments>
<arg>${BTN_COMECAR}</arg>
</arguments>
<status status="PASS" starttime="20200707 10:20:08.161" endtime="20200707 10:20:08.872"></status>
</kw>
<status status="PASS" starttime="20200707 10:20:03.754" endtime="20200707 10:20:08.873"></status>
</kw>
<status status="PASS" starttime="20200707 10:19:43.615" endtime="20200707 10:20:08.873"></status>
</kw>
<kw name="Go to Long Click" library="helpers">
<kw name="Open Nav" library="helpers">
<kw name="Wait Until Element Is Visible" library="AppiumLibrary">
<doc>Waits until element specified with `locator` is visible.</doc>
<arguments>
<arg>${OPEN_MENU}</arg>
</arguments>
<status status="PASS" starttime="20200707 10:20:08.877" endtime="20200707 10:20:10.432"></status>
</kw>
<kw name="Click Element" library="AppiumLibrary">
<doc>Click element identified by `locator`.</doc>
<arguments>
<arg>${OPEN_MENU}</arg>
</arguments>
<msg timestamp="20200707 10:20:10.435" level="INFO">Clicking element 'xpath=//android.widget.ImageButton[@content-desc="Open navigation drawer"]'.</msg>
<status status="PASS" starttime="20200707 10:20:10.433" endtime="20200707 10:20:10.813"></status>
</kw>
<kw name="Wait Until Element Is Visible" library="AppiumLibrary">
<doc>Waits until element specified with `locator` is visible.</doc>
<arguments>
<arg>${NAV_VIEW}</arg>
</arguments>
<status status="PASS" starttime="20200707 10:20:10.813" endtime="20200707 10:20:11.979"></status>
</kw>
<status status="PASS" starttime="20200707 10:20:08.876" endtime="20200707 10:20:11.979"></status>
</kw>
<kw name="Click Text" library="AppiumLibrary">
<doc>Click text identified by ``text``.</doc>
<arguments>
<arg>${BOTOES_OPTION_NAV}</arg>
</arguments>
<status status="PASS" starttime="20200707 10:20:11.979" endtime="20200707 10:20:12.901"></status>
</kw>
<kw name="Wait Until Page Contains" library="AppiumLibrary">
<doc>Waits until `text` appears on current page.</doc>
<arguments>
<arg>${CLIQUE_LONGO_OPTION}</arg>
</arguments>
<status status="PASS" starttime="20200707 10:20:12.901" endtime="20200707 10:20:13.619"></status>
</kw>
<kw name="Click Text" library="AppiumLibrary">
<doc>Click text identified by ``text``.</doc>
<arguments>
<arg>${CLIQUE_LONGO_OPTION}</arg>
</arguments>
<status status="PASS" starttime="20200707 10:20:13.619" endtime="20200707 10:20:14.124"></status>
</kw>
<kw name="Wait Until Page Contains" library="AppiumLibrary">
<doc>Waits until `text` appears on current page.</doc>
<arguments>
<arg>${CLIQUE_LONGO_HEADER}</arg>
</arguments>
<status status="PASS" starttime="20200707 10:20:14.124" endtime="20200707 10:20:15.401"></status>
</kw>
<status status="PASS" starttime="20200707 10:20:08.875" endtime="20200707 10:20:15.402"></status>
</kw>
<kw name="Long Press" library="AppiumLibrary">
<doc>Long press the element with optional duration</doc>
<arguments>
<arg>id=io.qaninja.android.twp:id/long_click</arg>
<arg>2000</arg>
</arguments>
<status status="PASS" starttime="20200707 10:20:15.403" endtime="20200707 10:20:19.084"></status>
</kw>
<kw name="Wait Until Page Contains" library="AppiumLibrary">
<doc>Waits until `text` appears on current page.</doc>
<arguments>
<arg>CLIQUE LONGO OK</arg>
</arguments>
<status status="PASS" starttime="20200707 10:20:19.085" endtime="20200707 10:20:19.154"></status>
</kw>
<kw name="Close Session" library="base" type="teardown">
<kw name="Close Application" library="AppiumLibrary">
<doc>Closes the current application and also close webdriver session.</doc>
<status status="PASS" starttime="20200707 10:20:19.157" endtime="20200707 10:20:20.226"></status>
</kw>
<status status="PASS" starttime="20200707 10:20:19.156" endtime="20200707 10:20:20.227"></status>
</kw>
<tags>
<tag>long_press</tag>
</tags>
<status status="PASS" starttime="20200707 10:19:43.614" endtime="20200707 10:20:20.227" critical="yes"></status>
</test>
<status status="PASS" starttime="20200707 10:19:43.311" endtime="20200707 10:20:20.231"></status>
</suite>
<status status="PASS" starttime="20200707 10:19:43.259" endtime="20200707 10:20:20.237"></status>
</suite>
<statistics>
<total>
<stat pass="1" fail="0">Critical Tests</stat>
<stat pass="1" fail="0">All Tests</stat>
</total>
<tag>
<stat pass="1" fail="0">long_press</stat>
</tag>
<suite>
<stat pass="1" fail="0" id="s1" name="Tests">Tests</stat>
<stat pass="1" fail="0" id="s1-s1" name="Buttons">Tests.Buttons</stat>
</suite>
</statistics>
<errors>
</errors>
</robot>
