<?xml version="1.0" encoding="UTF-8"?>
<robot generator="Robot 3.2.1 (Python 3.8.3 on win32)" generated="20200706 15:21:20.279" rpa="false">
<suite id="s1" name="Radio" source="C:\Users\gabri\Documents\Projetos Pessoais\qaninja\twp\tests\radio.robot">
<test id="s1-t1" name="Deve selecionar a opção Python">
<kw name="Open Session" library="base" type="setup">
<kw name="Set Appium Timeout" library="AppiumLibrary">
<doc>Sets the timeout in seconds used by various keywords.</doc>
<arguments>
<arg>5</arg>
</arguments>
<status status="PASS" starttime="20200706 15:21:20.475" endtime="20200706 15:21:20.476"></status>
</kw>
<kw name="Open Application" library="AppiumLibrary">
<doc>Opens a new application to given Appium server.
Capabilities of appium server, Android and iOS,
Please check https://github.com/appium/appium/blob/master/docs/en/writing-running-appium/server-args.md
| *Option*            | *Man.* | *Description*     |
| remote_url          | Yes    | Appium server url |
| alias               | no     | alias             |</doc>
<arguments>
<arg>http://localhost:4723/wd/hub</arg>
<arg>automationName=uiAutomator2</arg>
<arg>platformName=Android</arg>
<arg>deviceName=Android Emulator</arg>
<arg>app=${EXECDIR}/app/twp.apk</arg>
</arguments>
<status status="PASS" starttime="20200706 15:21:20.476" endtime="20200706 15:21:31.858"></status>
</kw>
<kw name="Click Comecar" library="helpers">
<kw name="Wait Until Page Contains" library="AppiumLibrary">
<doc>Waits until `text` appears on current page.</doc>
<arguments>
<arg>${BTN_COMECAR}</arg>
</arguments>
<status status="PASS" starttime="20200706 15:21:31.859" endtime="20200706 15:21:36.293"></status>
</kw>
<kw name="Click Text" library="AppiumLibrary">
<doc>Click text identified by ``text``.</doc>
<arguments>
<arg>${BTN_COMECAR}</arg>
</arguments>
<status status="PASS" starttime="20200706 15:21:36.294" endtime="20200706 15:21:36.473"></status>
</kw>
<status status="PASS" starttime="20200706 15:21:31.858" endtime="20200706 15:21:36.474"></status>
</kw>
<status status="PASS" starttime="20200706 15:21:20.475" endtime="20200706 15:21:36.474"></status>
</kw>
<kw name="Go To Radio Buttons" library="helpers">
<kw name="Open Nav" library="helpers">
<kw name="Wait Until Element Is Visible" library="AppiumLibrary">
<doc>Waits until element specified with `locator` is visible.</doc>
<arguments>
<arg>${OPEN_MENU}</arg>
</arguments>
<status status="PASS" starttime="20200706 15:21:36.475" endtime="20200706 15:21:37.776"></status>
</kw>
<kw name="Click Element" library="AppiumLibrary">
<doc>Click element identified by `locator`.</doc>
<arguments>
<arg>${OPEN_MENU}</arg>
</arguments>
<msg timestamp="20200706 15:21:37.777" level="INFO">Clicking element 'xpath=//android.widget.ImageButton[@content-desc="Open navigation drawer"]'.</msg>
<status status="PASS" starttime="20200706 15:21:37.776" endtime="20200706 15:21:37.913"></status>
</kw>
<kw name="Wait Until Element Is Visible" library="AppiumLibrary">
<doc>Waits until element specified with `locator` is visible.</doc>
<arguments>
<arg>${NAV_VIEW}</arg>
</arguments>
<status status="PASS" starttime="20200706 15:21:37.913" endtime="20200706 15:21:38.931"></status>
</kw>
<status status="PASS" starttime="20200706 15:21:36.474" endtime="20200706 15:21:38.931"></status>
</kw>
<kw name="Click Text" library="AppiumLibrary">
<doc>Click text identified by ``text``.</doc>
<arguments>
<arg>INPUTS</arg>
</arguments>
<status status="PASS" starttime="20200706 15:21:38.931" endtime="20200706 15:21:39.172"></status>
</kw>
<kw name="Wait Until Page Contains" library="AppiumLibrary">
<doc>Waits until `text` appears on current page.</doc>
<arguments>
<arg>INPUTS</arg>
</arguments>
<status status="PASS" starttime="20200706 15:21:39.172" endtime="20200706 15:21:39.729"></status>
</kw>
<kw name="Click Text" library="AppiumLibrary">
<doc>Click text identified by ``text``.</doc>
<arguments>
<arg>BOTÕES DE RADIO</arg>
</arguments>
<status status="PASS" starttime="20200706 15:21:39.729" endtime="20200706 15:21:40.271"></status>
</kw>
<kw name="Wait Until Page Contains" library="AppiumLibrary">
<doc>Waits until `text` appears on current page.</doc>
<arguments>
<arg>Escolha sua linguagem preferida</arg>
</arguments>
<status status="PASS" starttime="20200706 15:21:40.271" endtime="20200706 15:21:41.282"></status>
</kw>
<status status="PASS" starttime="20200706 15:21:36.474" endtime="20200706 15:21:41.282"></status>
</kw>
<kw name="Click Element" library="AppiumLibrary">
<doc>Click element identified by `locator`.</doc>
<arguments>
<arg>${PYTHON_RADIO_BUTTON}</arg>
</arguments>
<msg timestamp="20200706 15:21:41.284" level="INFO">Clicking element 'xpath=//android.widget.RadioButton[contains(@text, 'Python')]'.</msg>
<status status="PASS" starttime="20200706 15:21:41.283" endtime="20200706 15:21:41.388"></status>
</kw>
<kw name="Wait Until Element Is Visible" library="AppiumLibrary">
<doc>Waits until element specified with `locator` is visible.</doc>
<arguments>
<arg>${PYTHON_RADIO_BUTTON}</arg>
</arguments>
<status status="PASS" starttime="20200706 15:21:41.389" endtime="20200706 15:21:42.004"></status>
</kw>
<kw name="Element Attribute Should Match" library="AppiumLibrary">
<doc>Verify that an attribute of an element matches the expected criteria.</doc>
<arguments>
<arg>${PYTHON_RADIO_BUTTON}</arg>
<arg>checked</arg>
<arg>true</arg>
</arguments>
<msg timestamp="20200706 15:21:42.078" level="INFO">Element 'xpath=//android.widget.RadioButton[contains(@text, 'Python')]' attribute 'checked' is 'true' </msg>
<status status="PASS" starttime="20200706 15:21:42.004" endtime="20200706 15:21:42.078"></status>
</kw>
<kw name="Close Session" library="base" type="teardown">
<kw name="Close Application" library="AppiumLibrary">
<doc>Closes the current application and also close webdriver session.</doc>
<status status="PASS" starttime="20200706 15:21:42.079" endtime="20200706 15:21:42.907"></status>
</kw>
<status status="PASS" starttime="20200706 15:21:42.079" endtime="20200706 15:21:42.908"></status>
</kw>
<status status="PASS" starttime="20200706 15:21:20.473" endtime="20200706 15:21:42.908" critical="yes"></status>
</test>
<status status="PASS" starttime="20200706 15:21:20.281" endtime="20200706 15:21:42.911"></status>
</suite>
<statistics>
<total>
<stat pass="1" fail="0">Critical Tests</stat>
<stat pass="1" fail="0">All Tests</stat>
</total>
<tag>
</tag>
<suite>
<stat pass="1" fail="0" id="s1" name="Radio">Radio</stat>
</suite>
</statistics>
<errors>
</errors>
</robot>
