<?xml version="1.0" encoding="UTF-8"?>
<robot generator="Robot 3.2.1 (Python 3.8.3 on win32)" generated="20200706 16:17:24.966" rpa="false">
<suite id="s1" name="Checkbox" source="C:\Users\gabri\Documents\Projetos Pessoais\qaninja\twp\tests\checkbox.robot">
<test id="s1-t1" name="Deve marcar a opção Robot Framework">
<kw name="Open Session" library="base" type="setup">
<kw name="Set Appium Timeout" library="AppiumLibrary">
<doc>Sets the timeout in seconds used by various keywords.</doc>
<arguments>
<arg>5</arg>
</arguments>
<status status="PASS" starttime="20200706 16:17:25.163" endtime="20200706 16:17:25.164"></status>
</kw>
<kw name="Open Application" library="AppiumLibrary">
<doc>Opens a new application to given Appium server.
Capabilities of appium server, Android and iOS,
Please check https://github.com/appium/appium/blob/master/docs/en/writing-running-appium/server-args.md
| *Option*            | *Man.* | *Description*     |
| remote_url          | Yes    | Appium server url |
| alias               | no     | alias             |</doc>
<arguments>
<arg>http://localhost:4723/wd/hub</arg>
<arg>automationName=uiAutomator2</arg>
<arg>platformName=Android</arg>
<arg>deviceName=Android Emulator</arg>
<arg>app=${EXECDIR}/app/twp.apk</arg>
</arguments>
<status status="PASS" starttime="20200706 16:17:25.164" endtime="20200706 16:17:36.500"></status>
</kw>
<kw name="Click Comecar" library="helpers">
<kw name="Wait Until Page Contains" library="AppiumLibrary">
<doc>Waits until `text` appears on current page.</doc>
<arguments>
<arg>${BTN_COMECAR}</arg>
</arguments>
<status status="PASS" starttime="20200706 16:17:36.501" endtime="20200706 16:17:40.933"></status>
</kw>
<kw name="Click Text" library="AppiumLibrary">
<doc>Click text identified by ``text``.</doc>
<arguments>
<arg>${BTN_COMECAR}</arg>
</arguments>
<status status="PASS" starttime="20200706 16:17:40.933" endtime="20200706 16:17:41.128"></status>
</kw>
<status status="PASS" starttime="20200706 16:17:36.500" endtime="20200706 16:17:41.128"></status>
</kw>
<status status="PASS" starttime="20200706 16:17:25.163" endtime="20200706 16:17:41.128"></status>
</kw>
<kw name="Go To CheckBox" library="helpers">
<kw name="Open Nav" library="helpers">
<kw name="Wait Until Element Is Visible" library="AppiumLibrary">
<doc>Waits until element specified with `locator` is visible.</doc>
<arguments>
<arg>${OPEN_MENU}</arg>
</arguments>
<status status="PASS" starttime="20200706 16:17:41.129" endtime="20200706 16:17:42.409"></status>
</kw>
<kw name="Click Element" library="AppiumLibrary">
<doc>Click element identified by `locator`.</doc>
<arguments>
<arg>${OPEN_MENU}</arg>
</arguments>
<msg timestamp="20200706 16:17:42.410" level="INFO">Clicking element 'xpath=//android.widget.ImageButton[@content-desc="Open navigation drawer"]'.</msg>
<status status="PASS" starttime="20200706 16:17:42.409" endtime="20200706 16:17:42.542"></status>
</kw>
<kw name="Wait Until Element Is Visible" library="AppiumLibrary">
<doc>Waits until element specified with `locator` is visible.</doc>
<arguments>
<arg>${NAV_VIEW}</arg>
</arguments>
<status status="PASS" starttime="20200706 16:17:42.542" endtime="20200706 16:17:43.603"></status>
</kw>
<status status="PASS" starttime="20200706 16:17:41.129" endtime="20200706 16:17:43.603"></status>
</kw>
<kw name="Click Text" library="AppiumLibrary">
<doc>Click text identified by ``text``.</doc>
<arguments>
<arg>INPUTS</arg>
</arguments>
<status status="PASS" starttime="20200706 16:17:43.603" endtime="20200706 16:17:43.888"></status>
</kw>
<kw name="Wait Until Page Contains" library="AppiumLibrary">
<doc>Waits until `text` appears on current page.</doc>
<arguments>
<arg>INPUTS</arg>
</arguments>
<status status="PASS" starttime="20200706 16:17:43.888" endtime="20200706 16:17:44.478"></status>
</kw>
<kw name="Click Text" library="AppiumLibrary">
<doc>Click text identified by ``text``.</doc>
<arguments>
<arg>CHECKBOX</arg>
</arguments>
<status status="PASS" starttime="20200706 16:17:44.478" endtime="20200706 16:17:44.970"></status>
</kw>
<kw name="Wait Until Page Contains" library="AppiumLibrary">
<doc>Waits until `text` appears on current page.</doc>
<arguments>
<arg>Marque as techs que usam Appium</arg>
</arguments>
<status status="PASS" starttime="20200706 16:17:44.970" endtime="20200706 16:17:45.967"></status>
</kw>
<status status="PASS" starttime="20200706 16:17:41.128" endtime="20200706 16:17:45.967"></status>
</kw>
<kw name="Click Element" library="AppiumLibrary">
<doc>Click element identified by `locator`.</doc>
<arguments>
<arg>${ROBOT_FRAMEWORK_CHECKBOX}</arg>
</arguments>
<msg timestamp="20200706 16:17:45.969" level="INFO">Clicking element 'xpath=//android.widget.CheckBox[contains(@text, 'Robot Framework')]'.</msg>
<status status="PASS" starttime="20200706 16:17:45.968" endtime="20200706 16:17:46.058"></status>
</kw>
<kw name="Wait Until Element Is Visible" library="AppiumLibrary">
<doc>Waits until element specified with `locator` is visible.</doc>
<arguments>
<arg>id=io.qaninja.android.twp:id/rvContainer</arg>
</arguments>
<status status="PASS" starttime="20200706 16:17:46.059" endtime="20200706 16:17:47.019"></status>
</kw>
<kw name="Element Attribute Should Match" library="AppiumLibrary">
<doc>Verify that an attribute of an element matches the expected criteria.</doc>
<arguments>
<arg>${ROBOT_FRAMEWORK_CHECKBOX}</arg>
<arg>checked</arg>
<arg>true</arg>
</arguments>
<msg timestamp="20200706 16:17:47.097" level="INFO">Element 'xpath=//android.widget.CheckBox[contains(@text, 'Robot Framework')]' attribute 'checked' is 'true' </msg>
<status status="PASS" starttime="20200706 16:17:47.019" endtime="20200706 16:17:47.097"></status>
</kw>
<kw name="Close Session" library="base" type="teardown">
<kw name="Close Application" library="AppiumLibrary">
<doc>Closes the current application and also close webdriver session.</doc>
<status status="PASS" starttime="20200706 16:17:47.099" endtime="20200706 16:17:47.743"></status>
</kw>
<status status="PASS" starttime="20200706 16:17:47.099" endtime="20200706 16:17:47.743"></status>
</kw>
<status status="PASS" starttime="20200706 16:17:25.163" endtime="20200706 16:17:47.743" critical="yes"></status>
</test>
<status status="PASS" starttime="20200706 16:17:24.968" endtime="20200706 16:17:47.747"></status>
</suite>
<statistics>
<total>
<stat pass="1" fail="0">Critical Tests</stat>
<stat pass="1" fail="0">All Tests</stat>
</total>
<tag>
</tag>
<suite>
<stat pass="1" fail="0" id="s1" name="Checkbox">Checkbox</stat>
</suite>
</statistics>
<errors>
</errors>
</robot>
