<?xml version="1.0" encoding="UTF-8"?>
<robot generator="Robot 3.2.1 (Python 3.8.3 on win32)" generated="20200702 23:18:32.655" rpa="false">
<suite id="s1" name="Login" source="C:\Users\gabri\Documents\Projetos Pessoais\qaninja\twp\tests\login.robot">
<test id="s1-t1" name="Deve logar com sucesso">
<kw name="Open Session" library="base" type="setup">
<kw name="Set Appium Timeout" library="AppiumLibrary">
<doc>Sets the timeout in seconds used by various keywords.</doc>
<arguments>
<arg>5</arg>
</arguments>
<status status="PASS" starttime="20200702 23:18:32.835" endtime="20200702 23:18:32.835"></status>
</kw>
<kw name="Open Application" library="AppiumLibrary">
<doc>Opens a new application to given Appium server.
Capabilities of appium server, Android and iOS,
Please check https://github.com/appium/appium/blob/master/docs/en/writing-running-appium/server-args.md
| *Option*            | *Man.* | *Description*     |
| remote_url          | Yes    | Appium server url |
| alias               | no     | alias             |</doc>
<arguments>
<arg>http://localhost:4723/wd/hub</arg>
<arg>automationName=uiAutomator2</arg>
<arg>platformName=Android</arg>
<arg>deviceName=Android Emulator</arg>
<arg>app=${EXECDIR}/app/twp.apk</arg>
</arguments>
<status status="PASS" starttime="20200702 23:18:32.836" endtime="20200702 23:18:44.189"></status>
</kw>
<kw name="Click Comecar" library="helpers">
<kw name="Wait Until Page Contains" library="AppiumLibrary">
<doc>Waits until `text` appears on current page.</doc>
<arguments>
<arg>${BTN_COMECAR}</arg>
</arguments>
<status status="PASS" starttime="20200702 23:18:44.189" endtime="20200702 23:18:48.775"></status>
</kw>
<kw name="Click Text" library="AppiumLibrary">
<doc>Click text identified by ``text``.</doc>
<arguments>
<arg>${BTN_COMECAR}</arg>
</arguments>
<status status="PASS" starttime="20200702 23:18:48.776" endtime="20200702 23:18:48.999"></status>
</kw>
<status status="PASS" starttime="20200702 23:18:44.189" endtime="20200702 23:18:48.999"></status>
</kw>
<status status="PASS" starttime="20200702 23:18:32.835" endtime="20200702 23:18:48.999"></status>
</kw>
<kw name="Open Nav" library="helpers">
<kw name="Wait Until Element Is Visible" library="AppiumLibrary">
<doc>Waits until element specified with `locator` is visible.</doc>
<arguments>
<arg>${OPEN_MENU}</arg>
</arguments>
<status status="PASS" starttime="20200702 23:18:49.000" endtime="20200702 23:18:50.264"></status>
</kw>
<kw name="Click Element" library="AppiumLibrary">
<doc>Click element identified by `locator`.</doc>
<arguments>
<arg>${OPEN_MENU}</arg>
</arguments>
<msg timestamp="20200702 23:18:50.265" level="INFO">Clicking element 'xpath=//android.widget.ImageButton[@content-desc="Open navigation drawer"]'.</msg>
<status status="PASS" starttime="20200702 23:18:50.264" endtime="20200702 23:18:50.385"></status>
</kw>
<kw name="Wait Until Element Is Visible" library="AppiumLibrary">
<doc>Waits until element specified with `locator` is visible.</doc>
<arguments>
<arg>${NAV_VIEW}</arg>
</arguments>
<status status="PASS" starttime="20200702 23:18:50.385" endtime="20200702 23:18:51.423"></status>
</kw>
<status status="PASS" starttime="20200702 23:18:49.000" endtime="20200702 23:18:51.423"></status>
</kw>
<kw name="Click Text" library="AppiumLibrary">
<doc>Click text identified by ``text``.</doc>
<arguments>
<arg>FORMS</arg>
</arguments>
<status status="PASS" starttime="20200702 23:18:51.423" endtime="20200702 23:18:51.617"></status>
</kw>
<kw name="Wait Until Page Contains" library="AppiumLibrary">
<doc>Waits until `text` appears on current page.</doc>
<arguments>
<arg>FORMS</arg>
</arguments>
<status status="PASS" starttime="20200702 23:18:51.617" endtime="20200702 23:18:52.178"></status>
</kw>
<kw name="Click Text" library="AppiumLibrary">
<doc>Click text identified by ``text``.</doc>
<arguments>
<arg>LOGIN</arg>
</arguments>
<status status="PASS" starttime="20200702 23:18:52.178" endtime="20200702 23:18:52.693"></status>
</kw>
<kw name="Wait Until Page Contains" library="AppiumLibrary">
<doc>Waits until `text` appears on current page.</doc>
<arguments>
<arg>Fala QA, vamos testar o login?</arg>
</arguments>
<status status="PASS" starttime="20200702 23:18:52.694" endtime="20200702 23:18:53.735"></status>
</kw>
<kw name="Input Text" library="AppiumLibrary">
<doc>Types the given `text` into text field identified by `locator`.</doc>
<arguments>
<arg>id=io.qaninja.android.twp:id/etEmail</arg>
<arg>eu@papito.io</arg>
</arguments>
<msg timestamp="20200702 23:18:53.737" level="INFO">Typing text 'eu@papito.io' into text field 'id=io.qaninja.android.twp:id/etEmail'</msg>
<status status="PASS" starttime="20200702 23:18:53.736" endtime="20200702 23:18:54.293"></status>
</kw>
<kw name="Input Text" library="AppiumLibrary">
<doc>Types the given `text` into text field identified by `locator`.</doc>
<arguments>
<arg>id=io.qaninja.android.twp:id/etPassword</arg>
<arg>qaninja</arg>
</arguments>
<msg timestamp="20200702 23:18:54.295" level="INFO">Typing text 'qaninja' into text field 'id=io.qaninja.android.twp:id/etPassword'</msg>
<status status="PASS" starttime="20200702 23:18:54.294" endtime="20200702 23:18:55.362"></status>
</kw>
<kw name="Click Element" library="AppiumLibrary">
<doc>Click element identified by `locator`.</doc>
<arguments>
<arg>id=io.qaninja.android.twp:id/btnSubmit</arg>
</arguments>
<msg timestamp="20200702 23:18:55.364" level="INFO">Clicking element 'id=io.qaninja.android.twp:id/btnSubmit'.</msg>
<status status="PASS" starttime="20200702 23:18:55.363" endtime="20200702 23:18:55.903"></status>
</kw>
<kw name="Wait Until Page Contains" library="AppiumLibrary">
<doc>Waits until `text` appears on current page.</doc>
<arguments>
<arg>Show! Suas credenciais são validas.</arg>
</arguments>
<status status="PASS" starttime="20200702 23:18:55.905" endtime="20200702 23:18:56.052"></status>
</kw>
<kw name="Close Session" library="base" type="teardown">
<kw name="Close Application" library="AppiumLibrary">
<doc>Closes the current application and also close webdriver session.</doc>
<status status="PASS" starttime="20200702 23:18:56.053" endtime="20200702 23:18:56.671"></status>
</kw>
<status status="PASS" starttime="20200702 23:18:56.053" endtime="20200702 23:18:56.671"></status>
</kw>
<status status="PASS" starttime="20200702 23:18:32.835" endtime="20200702 23:18:56.672" critical="yes"></status>
</test>
<status status="PASS" starttime="20200702 23:18:32.657" endtime="20200702 23:18:56.674"></status>
</suite>
<statistics>
<total>
<stat pass="1" fail="0">Critical Tests</stat>
<stat pass="1" fail="0">All Tests</stat>
</total>
<tag>
</tag>
<suite>
<stat pass="1" fail="0" id="s1" name="Login">Login</stat>
</suite>
</statistics>
<errors>
</errors>
</robot>
